{
  "stats": {
    "suites": 1,
    "tests": 1,
    "passes": 1,
    "pending": 0,
    "failures": 0,
    "start": "2024-02-20T11:59:39.787Z",
    "end": "2024-02-20T12:00:11.059Z",
    "duration": 31272,
    "testsRegistered": 1,
    "passPercent": 100,
    "pendingPercent": 0,
    "other": 0,
    "hasOther": false,
    "skipped": 0,
    "hasSkipped": false
  },
  "results": [
    {
      "uuid": "7edf47bc-c095-4f7d-b4a8-c9b1c040f501",
      "title": "",
      "fullFile": "cypress\\e2e\\BackendTesting\\TestLoginPage.cy.js",
      "file": "cypress\\e2e\\BackendTesting\\TestLoginPage.cy.js",
      "beforeHooks": [],
      "afterHooks": [],
      "tests": [],
      "suites": [
        {
          "uuid": "69f56826-91ad-4301-a1cf-14d27cbb46a1",
          "title": "Test Login Page functionality",
          "fullFile": "",
          "file": "",
          "beforeHooks": [],
          "afterHooks": [],
          "tests": [
            {
              "title": "Trying Login with invalid credentials and verify",
              "fullTitle": "Test Login Page functionality Trying Login with invalid credentials and verify",
              "timedOut": null,
              "duration": 21579,
              "state": "passed",
              "speed": "slow",
              "pass": true,
              "fail": false,
              "pending": false,
              "context": null,
              "code": "cy.fixture('InvalidLoginCredentials').then(data => {\n  data.forEach(invalidData => {\n    login_page.setUserName(invalidData.username);\n    login_page.setPassword(invalidData.password);\n    login_page.clickSubmit();\n    login_page.incorrectCredentialsValidation(invalidData.ErrorMessage);\n  });\n});",
              "err": {},
              "uuid": "55bf8024-7a18-4bc1-8a5d-2d0bb75505af",
              "parentUUID": "69f56826-91ad-4301-a1cf-14d27cbb46a1",
              "isHook": false,
              "skipped": false
            }
          ],
          "suites": [],
          "passes": [
            "55bf8024-7a18-4bc1-8a5d-2d0bb75505af"
          ],
          "failures": [],
          "pending": [],
          "skipped": [],
          "duration": 21579,
          "root": false,
          "rootEmpty": false,
          "_timeout": 2000
        }
      ],
      "passes": [],
      "failures": [],
      "pending": [],
      "skipped": [],
      "duration": 0,
      "root": true,
      "rootEmpty": true,
      "_timeout": 2000
    }
  ],
  "meta": {
    "mocha": {
      "version": "7.0.1"
    },
    "mochawesome": {
      "options": {
        "quiet": false,
        "reportFilename": "mochawesome",
        "saveHtml": true,
        "saveJson": true,
        "consoleReporter": "spec",
        "useInlineDiffs": false,
        "code": true
      },
      "version": "7.1.3"
    },
    "marge": {
      "options": {
        "overwrite": false
      },
      "version": "6.2.0"
    }
  }
}